Using pre-set license
Built from '2021.1/staging' branch; Version is '2021.1.27f1 (7e296a84045d) revision 8268138'; Using compiler version '192528614'; Build Type 'Release'
OS: 'Windows 10 Pro; OS build 19045.2486; Version 2009; 64bit' Language: 'tr' Physical Memory: 16315 MB
BatchMode: 1, IsHumanControllingUs: 0, StartBugReporterOnCrash: 0, Is64bit: 1, IsPro: 0

COMMAND LINE ARGUMENTS:
C:\Program Files\Unity\Hub\Editor\2021.1.27f1\Editor\Unity.exe
-adb2
-batchMode
-noUpm
-name
AssetImportWorker0
-projectPath
C:/Users/erik_/OneDrive/Belgeler/Unity/LazerPong
-logFile
Logs/AssetImportWorker0.log
-srvPort
16727
Successfully changed project path to: C:/Users/erik_/OneDrive/Belgeler/Unity/LazerPong
C:/Users/erik_/OneDrive/Belgeler/Unity/LazerPong
Using Asset Import Pipeline V2.
Refreshing native plugins compatible for Editor in 100.10 ms, found 4 plugins.
Preloading 0 native plugins for Editor in 0.00 ms.
Initialize engine version: 2021.1.27f1 (7e296a84045d)
[Subsystems] Discovering subsystems at path C:/Program Files/Unity/Hub/Editor/2021.1.27f1/Editor/Data/Resources/UnitySubsystems
[Subsystems] Discovering subsystems at path C:/Users/erik_/OneDrive/Belgeler/Unity/LazerPong/Assets
GfxDevice: creating device client; threaded=0; jobified=0
Direct3D:
    Version:  Direct3D 11.0 [level 11.1]
    Renderer: NVIDIA GeForce RTX 2060 (ID=0x1e89)
    Vendor:   NVIDIA
    VRAM:     5958 MB
    Driver:   31.0.15.2802
Initialize mono
Mono path[0] = 'C:/Program Files/Unity/Hub/Editor/2021.1.27f1/Editor/Data/Managed'
Mono path[1] = 'C:/Program Files/Unity/Hub/Editor/2021.1.27f1/Editor/Data/MonoBleedingEdge/lib/mono/unityjit'
Mono config path = 'C:/Program Files/Unity/Hub/Editor/2021.1.27f1/Editor/Data/MonoBleedingEdge/etc'
Using monoOptions --debugger-agent=transport=dt_socket,embedding=1,server=y,suspend=n,address=127.0.0.1:56512
Begin MonoManager ReloadAssembly
Registering precompiled unity dll's ...
Register platform support module: C:/Program Files/Unity/Hub/Editor/2021.1.27f1/Editor/Data/PlaybackEngines/WindowsStandaloneSupport/UnityEditor.WindowsStandalone.Extensions.dll
Registered in 0.001945 seconds.
Native extension for WindowsStandalone target not found
Refreshing native plugins compatible for Editor in 112.81 ms, found 4 plugins.
Preloading 0 native plugins for Editor in 0.00 ms.
Mono: successfully reloaded assembly
- Completed reload, in  2.322 seconds
Domain Reload Profiling:
	ReloadAssembly (2322ms)
		BeginReloadAssembly (57ms)
			ExecutionOrderSort (0ms)
			DisableScriptedObjects (0ms)
			BackupInstance (0ms)
			ReleaseScriptingObjects (0ms)
			CreateAndSetChildDomain (1ms)
		EndReloadAssembly (492ms)
			LoadAssemblies (54ms)
			RebuildTransferFunctionScriptingTraits (0ms)
			SetupTypeCache (144ms)
			ReleaseScriptCaches (0ms)
			RebuildScriptCaches (26ms)
			SetupLoadedEditorAssemblies (271ms)
				LogAssemblyErrors (0ms)
				InitializePlatformSupportModulesInManaged (5ms)
				SetLoadedEditorAssemblies (0ms)
				RefreshPlugins (113ms)
				BeforeProcessingInitializeOnLoad (1ms)
				ProcessInitializeOnLoadAttributes (121ms)
				ProcessInitializeOnLoadMethodAttributes (30ms)
				AfterProcessingInitializeOnLoad (0ms)
				EditorAssembliesLoaded (0ms)
			ExecutionOrderSort2 (0ms)
			AwakeInstancesAfterBackupRestoration (0ms)
Platform modules already initialized, skipping
Registering precompiled user dll's ...
Registered in 0.007342 seconds.
Begin MonoManager ReloadAssembly
Symbol file LoadedFromMemory doesn't match image C:\Users\erik_\OneDrive\Belgeler\Unity\LazerPong\Library\PackageCache\com.unity.visualscripting@1.6.1\Editor\VisualScripting.Core\Dependencies\YamlDotNet\Unity.VisualScripting.YamlDotNet.dll
Symbol file LoadedFromMemory doesn't match image C:\Users\erik_\OneDrive\Belgeler\Unity\LazerPong\Library\PackageCache\com.unity.visualscripting@1.6.1\Editor\VisualScripting.Core\Dependencies\DotNetZip\Unity.VisualScripting.IonicZip.dll
Native extension for WindowsStandalone target not found
Refreshing native plugins compatible for Editor in 99.64 ms, found 4 plugins.
Preloading 0 native plugins for Editor in 0.00 ms.
Mono: successfully reloaded assembly
- Completed reload, in  1.169 seconds
Domain Reload Profiling:
	ReloadAssembly (1170ms)
		BeginReloadAssembly (146ms)
			ExecutionOrderSort (0ms)
			DisableScriptedObjects (4ms)
			BackupInstance (0ms)
			ReleaseScriptingObjects (0ms)
			CreateAndSetChildDomain (21ms)
		EndReloadAssembly (966ms)
			LoadAssemblies (89ms)
			RebuildTransferFunctionScriptingTraits (0ms)
			SetupTypeCache (326ms)
			ReleaseScriptCaches (1ms)
			RebuildScriptCaches (49ms)
			SetupLoadedEditorAssemblies (418ms)
				LogAssemblyErrors (0ms)
				InitializePlatformSupportModulesInManaged (3ms)
				SetLoadedEditorAssemblies (0ms)
				RefreshPlugins (100ms)
				BeforeProcessingInitializeOnLoad (85ms)
				ProcessInitializeOnLoadAttributes (204ms)
				ProcessInitializeOnLoadMethodAttributes (19ms)
				AfterProcessingInitializeOnLoad (7ms)
				EditorAssembliesLoaded (0ms)
			ExecutionOrderSort2 (0ms)
			AwakeInstancesAfterBackupRestoration (6ms)
Platform modules already initialized, skipping
========================================================================
Worker process is ready to serve import requests
Launched and connected shader compiler UnityShaderCompiler.exe after 0.04 seconds
Refreshing native plugins compatible for Editor in 0.77 ms, found 4 plugins.
Preloading 0 native plugins for Editor in 0.00 ms.
Unloading 3844 Unused Serialized files (Serialized files now loaded: 0)
System memory in use before: 142.9 MB.
System memory in use after: 143.1 MB.

Unloading 33 unused Assets to reduce memory usage. Loaded Objects now: 4292.
Total: 3.273900 ms (FindLiveObjects: 0.281600 ms CreateObjectMapping: 0.098700 ms MarkObjects: 2.838500 ms  DeleteObjects: 0.054500 ms)

AssetImportParameters requested are different than current active one (requested -> active):
  custom:framework-win-MediaFoundation: 216162199b28c13a410421893ffa2e32 -> 
  custom:video-decoder-ogg-theora: a1e56fd34408186e4bbccfd4996cb3dc -> 
  custom:container-muxer-webm: aa71ff27fc2769a1b78a27578f13a17b -> 
  custom:container-demuxer-webm: 4f35f7cbe854078d1ac9338744f61a02 -> 
  custom:container-demuxer-ogg: 62fdf1f143b41e24485cea50d1cbac27 -> 
  custom:video-encoder-webm-vp8: eb34c28f22e8b96e1ab97ce403110664 -> 
  custom:video-decoder-webm-vp8: 9c59270c3fd7afecdb556c50c9e8de78 -> 
  custom:audio-decoder-ogg-vorbis: bf7c407c2cedff20999df2af8eb42d56 -> 
  custom:audio-encoder-webm-vorbis: bf7c407c2cedff20999df2af8eb42d56 -> 
========================================================================
Received Import Request.
  path: Assets/Prefab/Scene/SceneEnv.prefab
  artifactKey: Guid(0293e1d0f16bf8042b51b83432ab84fd) Importer(815301076,1909f56bfc062723c751e8b465ee728b)
Start importing Assets/Prefab/Scene/SceneEnv.prefab using Guid(0293e1d0f16bf8042b51b83432ab84fd) Importer(815301076,1909f56bfc062723c751e8b465ee728b)  -> (artifact id: '410d661cb855b361e7e73775f901ee78') in 0.160362 seconds 
========================================================================
Received Import Request.
  Time since last request: 0.000167 seconds.
  path: Assets/Prefab/Scene/Main Camera.prefab
  artifactKey: Guid(09695e78656ca7440b6f607020a3c8b6) Importer(815301076,1909f56bfc062723c751e8b465ee728b)
Start importing Assets/Prefab/Scene/Main Camera.prefab using Guid(09695e78656ca7440b6f607020a3c8b6) Importer(815301076,1909f56bfc062723c751e8b465ee728b)  -> (artifact id: 'ef576748541fc4a011e8f106de9a3288') in 0.006676 seconds 
========================================================================
Received Import Request.
  Time since last request: 38.389751 seconds.
  path: Assets/Prefab/Scene/Main Camera.prefab
  artifactKey: Guid(09695e78656ca7440b6f607020a3c8b6) Importer(815301076,1909f56bfc062723c751e8b465ee728b)
Start importing Assets/Prefab/Scene/Main Camera.prefab using Guid(09695e78656ca7440b6f607020a3c8b6) Importer(815301076,1909f56bfc062723c751e8b465ee728b)  -> (artifact id: 'ca4dd9b79f6a16f22e6403c794ac769b') in 0.004203 seconds 
========================================================================
Received Import Request.
  Time since last request: 0.000159 seconds.
  path: Assets/Prefab/Scene/SceneEnv.prefab
  artifactKey: Guid(0293e1d0f16bf8042b51b83432ab84fd) Importer(815301076,1909f56bfc062723c751e8b465ee728b)
Start importing Assets/Prefab/Scene/SceneEnv.prefab using Guid(0293e1d0f16bf8042b51b83432ab84fd) Importer(815301076,1909f56bfc062723c751e8b465ee728b)  -> (artifact id: '6e4e268c661da8cbe7d49331df2cd13b') in 0.030254 seconds 
========================================================================
Received Import Request.
  Time since last request: 1.860521 seconds.
  path: Assets/Prefab/Scene/Main Camera.prefab
  artifactKey: Guid(09695e78656ca7440b6f607020a3c8b6) Importer(815301076,1909f56bfc062723c751e8b465ee728b)
Start importing Assets/Prefab/Scene/Main Camera.prefab using Guid(09695e78656ca7440b6f607020a3c8b6) Importer(815301076,1909f56bfc062723c751e8b465ee728b)  -> (artifact id: 'f2e1dc48884afc498cd9c27b78a3d9c8') in 0.003685 seconds 
========================================================================
Received Import Request.
  Time since last request: 0.000145 seconds.
  path: Assets/Prefab/Scene/SceneEnv.prefab
  artifactKey: Guid(0293e1d0f16bf8042b51b83432ab84fd) Importer(815301076,1909f56bfc062723c751e8b465ee728b)
Start importing Assets/Prefab/Scene/SceneEnv.prefab using Guid(0293e1d0f16bf8042b51b83432ab84fd) Importer(815301076,1909f56bfc062723c751e8b465ee728b)  -> (artifact id: 'e2f8dad17adaf8b4ac0bc95c94df210b') in 0.034852 seconds 
========================================================================
Received Import Request.
  Time since last request: 88.916280 seconds.
  path: Assets/Prefab/Scene/Main Camera.prefab
  artifactKey: Guid(09695e78656ca7440b6f607020a3c8b6) Importer(815301076,1909f56bfc062723c751e8b465ee728b)
Start importing Assets/Prefab/Scene/Main Camera.prefab using Guid(09695e78656ca7440b6f607020a3c8b6) Importer(815301076,1909f56bfc062723c751e8b465ee728b)  -> (artifact id: 'e619d57f91a95ef6f017f35f4213c23e') in 0.003543 seconds 
========================================================================
Received Import Request.
  Time since last request: 0.000131 seconds.
  path: Assets/Prefab/Scene/SceneEnv.prefab
  artifactKey: Guid(0293e1d0f16bf8042b51b83432ab84fd) Importer(815301076,1909f56bfc062723c751e8b465ee728b)
Start importing Assets/Prefab/Scene/SceneEnv.prefab using Guid(0293e1d0f16bf8042b51b83432ab84fd) Importer(815301076,1909f56bfc062723c751e8b465ee728b)  -> (artifact id: '16709587d002a359879ed5fbd5774069') in 0.030878 seconds 
========================================================================
Received Import Request.
  Time since last request: 17.768714 seconds.
  path: Assets/Prefab/Area/Field.prefab
  artifactKey: Guid(96840e3d0b45445409be395358672aeb) Importer(815301076,1909f56bfc062723c751e8b465ee728b)
Start importing Assets/Prefab/Area/Field.prefab using Guid(96840e3d0b45445409be395358672aeb) Importer(815301076,1909f56bfc062723c751e8b465ee728b)  -> (artifact id: 'e2afdca4b0a2fe630e846161f587aaed') in 0.010919 seconds 
========================================================================
Received Import Request.
  Time since last request: 3.367456 seconds.
  path: Assets/Prefab/Area/Field.prefab
  artifactKey: Guid(96840e3d0b45445409be395358672aeb) Importer(815301076,1909f56bfc062723c751e8b465ee728b)
Start importing Assets/Prefab/Area/Field.prefab using Guid(96840e3d0b45445409be395358672aeb) Importer(815301076,1909f56bfc062723c751e8b465ee728b)  -> (artifact id: '99c454d17c3db8576004827934cfc958') in 0.007534 seconds 
========================================================================
Received Import Request.
  Time since last request: 3.819375 seconds.
  path: Assets/Prefab/Area/Field.prefab
  artifactKey: Guid(96840e3d0b45445409be395358672aeb) Importer(815301076,1909f56bfc062723c751e8b465ee728b)
Start importing Assets/Prefab/Area/Field.prefab using Guid(96840e3d0b45445409be395358672aeb) Importer(815301076,1909f56bfc062723c751e8b465ee728b)  -> (artifact id: '48dbb1dee6384a1901f68ff63359d73d') in 0.008156 seconds 
========================================================================
Received Import Request.
  Time since last request: 6.379293 seconds.
  path: Assets/Prefab/Area/ScoreDestination.prefab
  artifactKey: Guid(b1fdca7d78792d5409bd960c2c9f3d50) Importer(815301076,1909f56bfc062723c751e8b465ee728b)
Start importing Assets/Prefab/Area/ScoreDestination.prefab using Guid(b1fdca7d78792d5409bd960c2c9f3d50) Importer(815301076,1909f56bfc062723c751e8b465ee728b)  -> (artifact id: 'cd4f7041ae7372fb9ff813c49d47a19d') in 0.008174 seconds 
========================================================================
Received Import Request.
  Time since last request: 2.887322 seconds.
  path: Assets/Prefab/Area/ScoreDestination.prefab
  artifactKey: Guid(b1fdca7d78792d5409bd960c2c9f3d50) Importer(815301076,1909f56bfc062723c751e8b465ee728b)
Start importing Assets/Prefab/Area/ScoreDestination.prefab using Guid(b1fdca7d78792d5409bd960c2c9f3d50) Importer(815301076,1909f56bfc062723c751e8b465ee728b)  -> (artifact id: 'df5a4c5bc37d2b2799577f7d9aeaa38d') in 0.004563 seconds 
========================================================================
Received Import Request.
  Time since last request: 29.612538 seconds.
  path: Assets/Prefab/Area/ScoreDestination.prefab
  artifactKey: Guid(b1fdca7d78792d5409bd960c2c9f3d50) Importer(815301076,1909f56bfc062723c751e8b465ee728b)
Start importing Assets/Prefab/Area/ScoreDestination.prefab using Guid(b1fdca7d78792d5409bd960c2c9f3d50) Importer(815301076,1909f56bfc062723c751e8b465ee728b)  -> (artifact id: 'd50f14eeae3845fb146645c08bc47172') in 0.004526 seconds 
========================================================================
Received Import Request.
  Time since last request: 5.792617 seconds.
  path: Assets/Prefab/Area/ScoreDestination.prefab
  artifactKey: Guid(b1fdca7d78792d5409bd960c2c9f3d50) Importer(815301076,1909f56bfc062723c751e8b465ee728b)
Start importing Assets/Prefab/Area/ScoreDestination.prefab using Guid(b1fdca7d78792d5409bd960c2c9f3d50) Importer(815301076,1909f56bfc062723c751e8b465ee728b)  -> (artifact id: '90755609a82700d4d57b1f48d49178ea') in 0.004611 seconds 
========================================================================
Received Prepare
Registering precompiled user dll's ...
Registered in 0.006539 seconds.
Begin MonoManager ReloadAssembly
Symbol file LoadedFromMemory doesn't match image C:\Users\erik_\OneDrive\Belgeler\Unity\LazerPong\Library\PackageCache\com.unity.visualscripting@1.6.1\Editor\VisualScripting.Core\Dependencies\YamlDotNet\Unity.VisualScripting.YamlDotNet.dll
Symbol file LoadedFromMemory doesn't match image C:\Users\erik_\OneDrive\Belgeler\Unity\LazerPong\Library\PackageCache\com.unity.visualscripting@1.6.1\Editor\VisualScripting.Core\Dependencies\DotNetZip\Unity.VisualScripting.IonicZip.dll
Native extension for WindowsStandalone target not found
Refreshing native plugins compatible for Editor in 0.80 ms, found 4 plugins.
Preloading 0 native plugins for Editor in 0.00 ms.
Mono: successfully reloaded assembly
- Completed reload, in  1.010 seconds
Domain Reload Profiling:
	ReloadAssembly (1011ms)
		BeginReloadAssembly (130ms)
			ExecutionOrderSort (0ms)
			DisableScriptedObjects (5ms)
			BackupInstance (0ms)
			ReleaseScriptingObjects (0ms)
			CreateAndSetChildDomain (38ms)
		EndReloadAssembly (820ms)
			LoadAssemblies (90ms)
			RebuildTransferFunctionScriptingTraits (0ms)
			SetupTypeCache (319ms)
			ReleaseScriptCaches (1ms)
			RebuildScriptCaches (39ms)
			SetupLoadedEditorAssemblies (275ms)
				LogAssemblyErrors (0ms)
				InitializePlatformSupportModulesInManaged (4ms)
				SetLoadedEditorAssemblies (0ms)
				RefreshPlugins (1ms)
				BeforeProcessingInitializeOnLoad (63ms)
				ProcessInitializeOnLoadAttributes (189ms)
				ProcessInitializeOnLoadMethodAttributes (11ms)
				AfterProcessingInitializeOnLoad (7ms)
				EditorAssembliesLoaded (0ms)
			ExecutionOrderSort2 (0ms)
			AwakeInstancesAfterBackupRestoration (10ms)
Platform modules already initialized, skipping
Switching build target platform(19) subTarget(0) extendedPlatform(0) -> platform(13) subTarget(537395200) extendedPlatform(0)
Refreshing native plugins compatible for Editor in 0.87 ms, found 4 plugins.
Preloading 0 native plugins for Editor in 0.00 ms.
Unloading 3824 Unused Serialized files (Serialized files now loaded: 0)
System memory in use before: 145.4 MB.
System memory in use after: 145.6 MB.

Unloading 23 unused Assets to reduce memory usage. Loaded Objects now: 4304.
Total: 3.294500 ms (FindLiveObjects: 0.304900 ms CreateObjectMapping: 0.109700 ms MarkObjects: 2.857700 ms  DeleteObjects: 0.021500 ms)

AssetImportParameters requested are different than current active one (requested -> active):
  custom:framework-win-MediaFoundation: 216162199b28c13a410421893ffa2e32 -> 
  custom:video-decoder-ogg-theora: a1e56fd34408186e4bbccfd4996cb3dc -> 
  custom:container-muxer-webm: aa71ff27fc2769a1b78a27578f13a17b -> 
  custom:container-demuxer-webm: 4f35f7cbe854078d1ac9338744f61a02 -> 
  custom:container-demuxer-ogg: 62fdf1f143b41e24485cea50d1cbac27 -> 
  custom:video-encoder-webm-vp8: eb34c28f22e8b96e1ab97ce403110664 -> 
  custom:video-decoder-webm-vp8: 9c59270c3fd7afecdb556c50c9e8de78 -> 
  custom:graphics/normal-map-encoding: 01000000000000000000000000000000 -> 02000000000000000000000000000000
  custom:audio-decoder-ogg-vorbis: bf7c407c2cedff20999df2af8eb42d56 -> 
  custom:audio-encoder-webm-vorbis: bf7c407c2cedff20999df2af8eb42d56 -> 
AssetImportWorkerClient::OnTransportError - code=2 error=End of file
