Using pre-set license
Built from '2021.1/staging' branch; Version is '2021.1.27f1 (7e296a84045d) revision 8268138'; Using compiler version '192528614'; Build Type 'Release'
OS: 'Windows 10 Pro; OS build 19045.2486; Version 2009; 64bit' Language: 'tr' Physical Memory: 16315 MB
BatchMode: 1, IsHumanControllingUs: 0, StartBugReporterOnCrash: 0, Is64bit: 1, IsPro: 0

COMMAND LINE ARGUMENTS:
C:\Program Files\Unity\Hub\Editor\2021.1.27f1\Editor\Unity.exe
-adb2
-batchMode
-noUpm
-name
AssetImportWorker0
-projectPath
C:/Users/erik_/OneDrive/Belgeler/Unity/LazerPong
-logFile
Logs/AssetImportWorker0.log
-srvPort
17968
Successfully changed project path to: C:/Users/erik_/OneDrive/Belgeler/Unity/LazerPong
C:/Users/erik_/OneDrive/Belgeler/Unity/LazerPong
Using Asset Import Pipeline V2.
Refreshing native plugins compatible for Editor in 98.30 ms, found 4 plugins.
Preloading 0 native plugins for Editor in 0.00 ms.
Initialize engine version: 2021.1.27f1 (7e296a84045d)
[Subsystems] Discovering subsystems at path C:/Program Files/Unity/Hub/Editor/2021.1.27f1/Editor/Data/Resources/UnitySubsystems
[Subsystems] Discovering subsystems at path C:/Users/erik_/OneDrive/Belgeler/Unity/LazerPong/Assets
GfxDevice: creating device client; threaded=0; jobified=0
Direct3D:
    Version:  Direct3D 11.0 [level 11.1]
    Renderer: NVIDIA GeForce RTX 2060 (ID=0x1e89)
    Vendor:   NVIDIA
    VRAM:     5958 MB
    Driver:   31.0.15.2802
Initialize mono
Mono path[0] = 'C:/Program Files/Unity/Hub/Editor/2021.1.27f1/Editor/Data/Managed'
Mono path[1] = 'C:/Program Files/Unity/Hub/Editor/2021.1.27f1/Editor/Data/MonoBleedingEdge/lib/mono/unityjit'
Mono config path = 'C:/Program Files/Unity/Hub/Editor/2021.1.27f1/Editor/Data/MonoBleedingEdge/etc'
Using monoOptions --debugger-agent=transport=dt_socket,embedding=1,server=y,suspend=n,address=127.0.0.1:56724
Begin MonoManager ReloadAssembly
Registering precompiled unity dll's ...
Register platform support module: C:/Program Files/Unity/Hub/Editor/2021.1.27f1/Editor/Data/PlaybackEngines/WindowsStandaloneSupport/UnityEditor.WindowsStandalone.Extensions.dll
Registered in 0.001871 seconds.
Native extension for WindowsStandalone target not found
Refreshing native plugins compatible for Editor in 100.47 ms, found 4 plugins.
Preloading 0 native plugins for Editor in 0.00 ms.
Mono: successfully reloaded assembly
- Completed reload, in  1.908 seconds
Domain Reload Profiling:
	ReloadAssembly (1908ms)
		BeginReloadAssembly (59ms)
			ExecutionOrderSort (0ms)
			DisableScriptedObjects (0ms)
			BackupInstance (0ms)
			ReleaseScriptingObjects (0ms)
			CreateAndSetChildDomain (1ms)
		EndReloadAssembly (455ms)
			LoadAssemblies (57ms)
			RebuildTransferFunctionScriptingTraits (0ms)
			SetupTypeCache (141ms)
			ReleaseScriptCaches (0ms)
			RebuildScriptCaches (27ms)
			SetupLoadedEditorAssemblies (241ms)
				LogAssemblyErrors (0ms)
				InitializePlatformSupportModulesInManaged (5ms)
				SetLoadedEditorAssemblies (0ms)
				RefreshPlugins (101ms)
				BeforeProcessingInitializeOnLoad (1ms)
				ProcessInitializeOnLoadAttributes (108ms)
				ProcessInitializeOnLoadMethodAttributes (26ms)
				AfterProcessingInitializeOnLoad (0ms)
				EditorAssembliesLoaded (0ms)
			ExecutionOrderSort2 (0ms)
			AwakeInstancesAfterBackupRestoration (0ms)
Platform modules already initialized, skipping
Registering precompiled user dll's ...
Registered in 0.006133 seconds.
Begin MonoManager ReloadAssembly
Symbol file LoadedFromMemory doesn't match image C:\Users\erik_\OneDrive\Belgeler\Unity\LazerPong\Library\PackageCache\com.unity.visualscripting@1.6.1\Editor\VisualScripting.Core\Dependencies\YamlDotNet\Unity.VisualScripting.YamlDotNet.dll
Symbol file LoadedFromMemory doesn't match image C:\Users\erik_\OneDrive\Belgeler\Unity\LazerPong\Library\PackageCache\com.unity.visualscripting@1.6.1\Editor\VisualScripting.Core\Dependencies\DotNetZip\Unity.VisualScripting.IonicZip.dll
Native extension for WindowsStandalone target not found
Refreshing native plugins compatible for Editor in 102.33 ms, found 4 plugins.
Preloading 0 native plugins for Editor in 0.00 ms.
Mono: successfully reloaded assembly
- Completed reload, in  1.239 seconds
Domain Reload Profiling:
	ReloadAssembly (1239ms)
		BeginReloadAssembly (152ms)
			ExecutionOrderSort (0ms)
			DisableScriptedObjects (4ms)
			BackupInstance (0ms)
			ReleaseScriptingObjects (0ms)
			CreateAndSetChildDomain (19ms)
		EndReloadAssembly (1026ms)
			LoadAssemblies (109ms)
			RebuildTransferFunctionScriptingTraits (0ms)
			SetupTypeCache (323ms)
			ReleaseScriptCaches (1ms)
			RebuildScriptCaches (49ms)
			SetupLoadedEditorAssemblies (462ms)
				LogAssemblyErrors (0ms)
				InitializePlatformSupportModulesInManaged (3ms)
				SetLoadedEditorAssemblies (0ms)
				RefreshPlugins (102ms)
				BeforeProcessingInitializeOnLoad (88ms)
				ProcessInitializeOnLoadAttributes (238ms)
				ProcessInitializeOnLoadMethodAttributes (23ms)
				AfterProcessingInitializeOnLoad (7ms)
				EditorAssembliesLoaded (0ms)
			ExecutionOrderSort2 (0ms)
			AwakeInstancesAfterBackupRestoration (7ms)
Platform modules already initialized, skipping
========================================================================
Worker process is ready to serve import requests
Launched and connected shader compiler UnityShaderCompiler.exe after 0.04 seconds
Refreshing native plugins compatible for Editor in 0.79 ms, found 4 plugins.
Preloading 0 native plugins for Editor in 0.00 ms.
Unloading 3843 Unused Serialized files (Serialized files now loaded: 0)
System memory in use before: 142.8 MB.
System memory in use after: 143.0 MB.

Unloading 33 unused Assets to reduce memory usage. Loaded Objects now: 4290.
Total: 3.643600 ms (FindLiveObjects: 0.309000 ms CreateObjectMapping: 0.090700 ms MarkObjects: 3.172500 ms  DeleteObjects: 0.069900 ms)

AssetImportParameters requested are different than current active one (requested -> active):
  custom:framework-win-MediaFoundation: 216162199b28c13a410421893ffa2e32 -> 
  custom:video-decoder-ogg-theora: a1e56fd34408186e4bbccfd4996cb3dc -> 
  custom:container-muxer-webm: aa71ff27fc2769a1b78a27578f13a17b -> 
  custom:container-demuxer-webm: 4f35f7cbe854078d1ac9338744f61a02 -> 
  custom:container-demuxer-ogg: 62fdf1f143b41e24485cea50d1cbac27 -> 
  custom:video-encoder-webm-vp8: eb34c28f22e8b96e1ab97ce403110664 -> 
  custom:video-decoder-webm-vp8: 9c59270c3fd7afecdb556c50c9e8de78 -> 
  custom:audio-decoder-ogg-vorbis: bf7c407c2cedff20999df2af8eb42d56 -> 
  custom:audio-encoder-webm-vorbis: bf7c407c2cedff20999df2af8eb42d56 -> 
========================================================================
Received Import Request.
  path: Assets/Scenes/SampleScene.unity
  artifactKey: Guid(2cda990e2423bbf4892e6590ba056729) Importer(815301076,1909f56bfc062723c751e8b465ee728b)
Start importing Assets/Scenes/SampleScene.unity using Guid(2cda990e2423bbf4892e6590ba056729) Importer(815301076,1909f56bfc062723c751e8b465ee728b)  -> (artifact id: '3765fcdd3a3cbf6930d0a2acb6893842') in 0.015443 seconds 
========================================================================
Received Prepare
Registering precompiled user dll's ...
Registered in 0.006831 seconds.
Begin MonoManager ReloadAssembly
Symbol file LoadedFromMemory doesn't match image C:\Users\erik_\OneDrive\Belgeler\Unity\LazerPong\Library\PackageCache\com.unity.visualscripting@1.6.1\Editor\VisualScripting.Core\Dependencies\YamlDotNet\Unity.VisualScripting.YamlDotNet.dll
Symbol file LoadedFromMemory doesn't match image C:\Users\erik_\OneDrive\Belgeler\Unity\LazerPong\Library\PackageCache\com.unity.visualscripting@1.6.1\Editor\VisualScripting.Core\Dependencies\DotNetZip\Unity.VisualScripting.IonicZip.dll
Native extension for WindowsStandalone target not found
Refreshing native plugins compatible for Editor in 0.84 ms, found 4 plugins.
Preloading 0 native plugins for Editor in 0.00 ms.
Mono: successfully reloaded assembly
- Completed reload, in  0.993 seconds
Domain Reload Profiling:
	ReloadAssembly (993ms)
		BeginReloadAssembly (119ms)
			ExecutionOrderSort (0ms)
			DisableScriptedObjects (6ms)
			BackupInstance (0ms)
			ReleaseScriptingObjects (0ms)
			CreateAndSetChildDomain (36ms)
		EndReloadAssembly (817ms)
			LoadAssemblies (89ms)
			RebuildTransferFunctionScriptingTraits (0ms)
			SetupTypeCache (322ms)
			ReleaseScriptCaches (1ms)
			RebuildScriptCaches (40ms)
			SetupLoadedEditorAssemblies (277ms)
				LogAssemblyErrors (0ms)
				InitializePlatformSupportModulesInManaged (4ms)
				SetLoadedEditorAssemblies (0ms)
				RefreshPlugins (1ms)
				BeforeProcessingInitializeOnLoad (65ms)
				ProcessInitializeOnLoadAttributes (188ms)
				ProcessInitializeOnLoadMethodAttributes (11ms)
				AfterProcessingInitializeOnLoad (7ms)
				EditorAssembliesLoaded (0ms)
			ExecutionOrderSort2 (0ms)
			AwakeInstancesAfterBackupRestoration (10ms)
Platform modules already initialized, skipping
Refreshing native plugins compatible for Editor in 0.72 ms, found 4 plugins.
Preloading 0 native plugins for Editor in 0.00 ms.
Unloading 3820 Unused Serialized files (Serialized files now loaded: 0)
System memory in use before: 141.0 MB.
System memory in use after: 141.3 MB.

Unloading 21 unused Assets to reduce memory usage. Loaded Objects now: 4293.
Total: 3.465200 ms (FindLiveObjects: 0.308000 ms CreateObjectMapping: 0.096500 ms MarkObjects: 3.036100 ms  DeleteObjects: 0.023600 ms)

AssetImportParameters requested are different than current active one (requested -> active):
  custom:framework-win-MediaFoundation: 216162199b28c13a410421893ffa2e32 -> 
  custom:video-decoder-ogg-theora: a1e56fd34408186e4bbccfd4996cb3dc -> 
  custom:container-muxer-webm: aa71ff27fc2769a1b78a27578f13a17b -> 
  custom:container-demuxer-webm: 4f35f7cbe854078d1ac9338744f61a02 -> 
  custom:container-demuxer-ogg: 62fdf1f143b41e24485cea50d1cbac27 -> 
  custom:video-encoder-webm-vp8: eb34c28f22e8b96e1ab97ce403110664 -> 
  custom:video-decoder-webm-vp8: 9c59270c3fd7afecdb556c50c9e8de78 -> 
  custom:audio-decoder-ogg-vorbis: bf7c407c2cedff20999df2af8eb42d56 -> 
  custom:audio-encoder-webm-vorbis: bf7c407c2cedff20999df2af8eb42d56 -> 
========================================================================
Received Import Request.
  Time since last request: 152.635461 seconds.
  path: Assets/Scenes/Level.unity
  artifactKey: Guid(2cda990e2423bbf4892e6590ba056729) Importer(815301076,1909f56bfc062723c751e8b465ee728b)
Start importing Assets/Scenes/Level.unity using Guid(2cda990e2423bbf4892e6590ba056729) Importer(815301076,1909f56bfc062723c751e8b465ee728b)  -> (artifact id: '8786695d782b5140a5c124b17be3d7e5') in 0.015576 seconds 
========================================================================
Received Import Request.
  Time since last request: 2.512963 seconds.
  path: Assets/Assets
  artifactKey: Guid(9981b92ff5b4b9f43ad5eb2b21b05f3d) Importer(815301076,1909f56bfc062723c751e8b465ee728b)
Start importing Assets/Assets using Guid(9981b92ff5b4b9f43ad5eb2b21b05f3d) Importer(815301076,1909f56bfc062723c751e8b465ee728b)  -> (artifact id: 'ac2d4d16f3cc5d6ccc7438e9973cb191') in 0.005977 seconds 
========================================================================
Received Import Request.
  Time since last request: 0.104442 seconds.
  path: Assets/Assets/SilverPoint.png
  artifactKey: Guid(d69f6cb36e64d0e49ad082a1095cc75f) Importer(815301076,1909f56bfc062723c751e8b465ee728b)
Start importing Assets/Assets/SilverPoint.png using Guid(d69f6cb36e64d0e49ad082a1095cc75f) Importer(815301076,1909f56bfc062723c751e8b465ee728b)  -> (artifact id: '9b78a57f17ccdfddaf8e457a2eec1352') in 0.103700 seconds 
========================================================================
Received Import Request.
  Time since last request: 0.657145 seconds.
  path: Assets/Assets/Sound
  artifactKey: Guid(d434ada3444d81a41aa3847103dbeebe) Importer(815301076,1909f56bfc062723c751e8b465ee728b)
Start importing Assets/Assets/Sound using Guid(d434ada3444d81a41aa3847103dbeebe) Importer(815301076,1909f56bfc062723c751e8b465ee728b)  -> (artifact id: 'ef7fb4bbdc1b903e7c395c8142a2c7a0') in 0.006073 seconds 
========================================================================
Received Import Request.
  Time since last request: 0.069643 seconds.
  path: Assets/Assets/Sound/DieSound.wav
  artifactKey: Guid(dc4ac224e593ee047983cb72ae79fa21) Importer(815301076,1909f56bfc062723c751e8b465ee728b)
Start importing Assets/Assets/Sound/DieSound.wav using Guid(dc4ac224e593ee047983cb72ae79fa21) Importer(815301076,1909f56bfc062723c751e8b465ee728b)  -> (artifact id: '7a197612e2b406307fbaba1c7844e72b') in 0.031627 seconds 
========================================================================
Received Import Request.
  Time since last request: 0.000116 seconds.
  path: Assets/Assets/Sound/PointSound.wav
  artifactKey: Guid(b476fcba931af7144bb9a3b4bd576493) Importer(815301076,1909f56bfc062723c751e8b465ee728b)
Start importing Assets/Assets/Sound/PointSound.wav using Guid(b476fcba931af7144bb9a3b4bd576493) Importer(815301076,1909f56bfc062723c751e8b465ee728b)  -> (artifact id: 'f58b719e278726123108a106165acb35') in 0.013286 seconds 
========================================================================
Received Import Request.
  Time since last request: 0.000154 seconds.
  path: Assets/Assets/Sound/GameMusic.wav
  artifactKey: Guid(92e7cb8f4b62498459f608587bae0058) Importer(815301076,1909f56bfc062723c751e8b465ee728b)
Start importing Assets/Assets/Sound/GameMusic.wav using Guid(92e7cb8f4b62498459f608587bae0058) Importer(815301076,1909f56bfc062723c751e8b465ee728b)  -> (artifact id: 'e5db0a9e221166fc06bb4872f3a7b1f3') in 0.013648 seconds 
========================================================================
Received Import Request.
  Time since last request: 0.000191 seconds.
  path: Assets/Assets/Sound/JumpSound.wav
  artifactKey: Guid(e30ccd0adce0e2f4bbe87e81f43a0032) Importer(815301076,1909f56bfc062723c751e8b465ee728b)
Start importing Assets/Assets/Sound/JumpSound.wav using Guid(e30ccd0adce0e2f4bbe87e81f43a0032) Importer(815301076,1909f56bfc062723c751e8b465ee728b)  -> (artifact id: '10f18a6ab1102bd2cc0db3a307236631') in 0.017028 seconds 
========================================================================
Received Import Request.
  Time since last request: 6.506732 seconds.
  path: Assets/Assets/Sound/DieSound.mp3
  artifactKey: Guid(d8ceb76453519b2488e686dd8bb07f7b) Importer(815301076,1909f56bfc062723c751e8b465ee728b)
Start importing Assets/Assets/Sound/DieSound.mp3 using Guid(d8ceb76453519b2488e686dd8bb07f7b) Importer(815301076,1909f56bfc062723c751e8b465ee728b)  -> (artifact id: '30ca858b681842dd5456a7549ccfb59f') in 0.014758 seconds 
========================================================================
Received Import Request.
  Time since last request: 2.530315 seconds.
  path: Assets/Prefab
  artifactKey: Guid(393bb95715267e94e9ca187ca8229956) Importer(815301076,1909f56bfc062723c751e8b465ee728b)
Start importing Assets/Prefab using Guid(393bb95715267e94e9ca187ca8229956) Importer(815301076,1909f56bfc062723c751e8b465ee728b)  -> (artifact id: 'e48265734814982544fc765617b749af') in 0.005679 seconds 
========================================================================
Received Import Request.
  Time since last request: 0.710947 seconds.
  path: Assets/Prefab/ScoreImage.prefab
  artifactKey: Guid(190e944e8234f194da2171394def8276) Importer(815301076,1909f56bfc062723c751e8b465ee728b)
Start importing Assets/Prefab/ScoreImage.prefab using Guid(190e944e8234f194da2171394def8276) Importer(815301076,1909f56bfc062723c751e8b465ee728b)  -> (artifact id: 'de51b8eb9b947b897a7b8cc31fc87a41') in 0.024791 seconds 
========================================================================
Received Import Request.
  Time since last request: 2.193169 seconds.
  path: Assets/Prefab/Scene
  artifactKey: Guid(9dbab35b6a77ac34f8cf27ec3df54568) Importer(815301076,1909f56bfc062723c751e8b465ee728b)
Start importing Assets/Prefab/Scene using Guid(9dbab35b6a77ac34f8cf27ec3df54568) Importer(815301076,1909f56bfc062723c751e8b465ee728b)  -> (artifact id: '202988ebf7a8a0ae93e534f2434055d5') in 0.006237 seconds 
========================================================================
Received Import Request.
  Time since last request: 0.054418 seconds.
  path: Assets/Prefab/Scene/AudioManager.prefab
  artifactKey: Guid(ffa3674b70e9b214e9812764c90b72f9) Importer(815301076,1909f56bfc062723c751e8b465ee728b)
Start importing Assets/Prefab/Scene/AudioManager.prefab using Guid(ffa3674b70e9b214e9812764c90b72f9) Importer(815301076,1909f56bfc062723c751e8b465ee728b)  -> (artifact id: 'd36062341bf989bba0160e5408f9eb44') in 0.007755 seconds 
========================================================================
Received Import Request.
  Time since last request: 0.000152 seconds.
  path: Assets/Prefab/Scene/SceneEnv.prefab
  artifactKey: Guid(0293e1d0f16bf8042b51b83432ab84fd) Importer(815301076,1909f56bfc062723c751e8b465ee728b)
Start importing Assets/Prefab/Scene/SceneEnv.prefab using Guid(0293e1d0f16bf8042b51b83432ab84fd) Importer(815301076,1909f56bfc062723c751e8b465ee728b)  -> (artifact id: 'd70a4209b438d3936b52d8723ddd648b') in 0.159073 seconds 
========================================================================
Received Import Request.
  Time since last request: 0.000119 seconds.
  path: Assets/Prefab/Scene/EventSystem.prefab
  artifactKey: Guid(117ed542651d4134286650c9477e99f5) Importer(815301076,1909f56bfc062723c751e8b465ee728b)
Start importing Assets/Prefab/Scene/EventSystem.prefab using Guid(117ed542651d4134286650c9477e99f5) Importer(815301076,1909f56bfc062723c751e8b465ee728b)  -> (artifact id: 'b5c71512432545d1efc877ceb88b0ac8') in 0.007217 seconds 
========================================================================
Received Import Request.
  Time since last request: 0.000132 seconds.
  path: Assets/Prefab/Scene/Main Camera.prefab
  artifactKey: Guid(09695e78656ca7440b6f607020a3c8b6) Importer(815301076,1909f56bfc062723c751e8b465ee728b)
Start importing Assets/Prefab/Scene/Main Camera.prefab using Guid(09695e78656ca7440b6f607020a3c8b6) Importer(815301076,1909f56bfc062723c751e8b465ee728b)  -> (artifact id: 'e619d57f91a95ef6f017f35f4213c23e') in 0.006599 seconds 
========================================================================
Received Import Request.
  Time since last request: 0.000157 seconds.
  path: Assets/Prefab/Scene/GameManager.prefab
  artifactKey: Guid(fa5e92425923b66479fd9564acb130aa) Importer(815301076,1909f56bfc062723c751e8b465ee728b)
Start importing Assets/Prefab/Scene/GameManager.prefab using Guid(fa5e92425923b66479fd9564acb130aa) Importer(815301076,1909f56bfc062723c751e8b465ee728b)  -> (artifact id: '1543936e15a036653a17348b267d0d4c') in 0.006942 seconds 
========================================================================
Received Import Request.
  Time since last request: 6.895824 seconds.
  path: Assets/Prefab/Scene/AudioManager.prefab
  artifactKey: Guid(ffa3674b70e9b214e9812764c90b72f9) Importer(815301076,1909f56bfc062723c751e8b465ee728b)
Start importing Assets/Prefab/Scene/AudioManager.prefab using Guid(ffa3674b70e9b214e9812764c90b72f9) Importer(815301076,1909f56bfc062723c751e8b465ee728b)  -> (artifact id: '8c06d145aec481ff34f3da0bee2f63e9') in 0.004207 seconds 
========================================================================
Received Import Request.
  Time since last request: 0.000156 seconds.
  path: Assets/Prefab/Scene/SceneEnv.prefab
  artifactKey: Guid(0293e1d0f16bf8042b51b83432ab84fd) Importer(815301076,1909f56bfc062723c751e8b465ee728b)
Start importing Assets/Prefab/Scene/SceneEnv.prefab using Guid(0293e1d0f16bf8042b51b83432ab84fd) Importer(815301076,1909f56bfc062723c751e8b465ee728b)  -> (artifact id: '9bacb7a01f53be8060b92f295bfaa838') in 0.033432 seconds 
AssetImportWorkerClient::OnTransportError - code=2 error=End of file
